Thu Apr 12 2018 18:58:05 GMT+0200 (Hora de verano romance): GET /
Thu Apr 12 2018 18:58:27 GMT+0200 (Hora de verano romance): GET /
Thu Apr 12 2018 18:58:28 GMT+0200 (Hora de verano romance): GET /about
Thu Apr 12 2018 18:58:30 GMT+0200 (Hora de verano romance): GET /about
Thu Apr 12 2018 18:58:30 GMT+0200 (Hora de verano romance): GET /about
Thu Apr 12 2018 18:59:05 GMT+0200 (Hora de verano romance): GET /favicon.io
Thu Apr 12 2018 18:59:16 GMT+0200 (Hora de verano romance): GET /favicon.ico
Thu Apr 12 2018 19:03:11 GMT+0200 (Hora de verano romance): GET /favicon.ico
Thu Apr 12 2018 19:03:13 GMT+0200 (Hora de verano romance): GET /
Thu Apr 12 2018 19:04:32 GMT+0200 (Hora de verano romance): GET /help.html
Thu Apr 12 2018 19:05:04 GMT+0200 (Hora de verano romance): GET /help.html
Thu Apr 12 2018 19:05:08 GMT+0200 (Hora de verano romance): GET /
Thu Apr 12 2018 20:44:26 GMT+0200 (Hora de verano romance): GET /
Thu Apr 12 2018 20:44:27 GMT+0200 (Hora de verano romance): GET /
Thu Apr 12 2018 20:44:27 GMT+0200 (Hora de verano romance): GET /
Thu Apr 12 2018 20:44:27 GMT+0200 (Hora de verano romance): GET /
Thu Apr 12 2018 20:44:27 GMT+0200 (Hora de verano romance): GET /
Thu Apr 12 2018 20:44:28 GMT+0200 (Hora de verano romance): GET /
Thu Apr 12 2018 20:44:28 GMT+0200 (Hora de verano romance): GET /
Thu Apr 12 2018 20:44:28 GMT+0200 (Hora de verano romance): GET /
Thu Apr 12 2018 20:44:28 GMT+0200 (Hora de verano romance): GET /
Thu Apr 12 2018 20:45:02 GMT+0200 (Hora de verano romance): GET /
Thu Apr 12 2018 20:45:13 GMT+0200 (Hora de verano romance): GET /
Thu Apr 12 2018 20:45:14 GMT+0200 (Hora de verano romance): GET /projects
Thu Apr 12 2018 20:45:16 GMT+0200 (Hora de verano romance): GET /about
Thu Apr 12 2018 20:45:16 GMT+0200 (Hora de verano romance): GET /
Thu Apr 12 2018 20:59:28 GMT+0200 (Hora de verano romance): GET /favicon.ico
